15.12.2018 17:57:30: == Start
15.12.2018 17:57:30:      Start MutexDBF 563
15.12.2018 17:57:30:      Start MutexDBFDiff 565
15.12.2018 17:57:30:      End MutexDBF 563
15.12.2018 17:57:30:      End MutexDBFDiff 565
15.12.2018 17:57:30: == Close
15.12.2018 17:59:35: == Start
15.12.2018 17:59:35:      Start MutexDBF 563
15.12.2018 17:59:35:      Start MutexDBFDiff 565
15.12.2018 17:59:35:      End MutexDBF 563
15.12.2018 17:59:35:      End MutexDBFDiff 565
15.12.2018 18:00:12: == Start
15.12.2018 18:00:12:      Start MutexDBF 563
15.12.2018 18:00:12:      Start MutexDBFDiff 565
15.12.2018 18:00:12:      End MutexDBF 563
15.12.2018 18:00:12:      End MutexDBFDiff 565
15.12.2018 18:02:25: == Start
15.12.2018 18:02:25:      Start MutexDBF 563
15.12.2018 18:02:25:      Start MutexDBFDiff 565
15.12.2018 18:02:25:      End MutexDBF 563
15.12.2018 18:02:25:      End MutexDBFDiff 565
15.12.2018 18:02:41:      Start MutexRefresh 290
15.12.2018 18:02:42:      End MutexRefresh 290
15.12.2018 18:02:42: == Close
15.12.2018 18:04:57: == Start
15.12.2018 18:04:57:      Start MutexDBF 563
15.12.2018 18:04:57:      Start MutexDBFDiff 565
15.12.2018 18:04:57:      End MutexDBF 563
15.12.2018 18:04:57:      End MutexDBFDiff 565
15.12.2018 18:05:00:      Start MutexRefresh 290
15.12.2018 18:05:01:      End MutexRefresh 290
15.12.2018 18:05:01: == Close
15.12.2018 18:17:26: == Start
15.12.2018 18:17:26:      Start MutexDBF 563
15.12.2018 18:17:26:      Start MutexDBFDiff 565
15.12.2018 18:17:26:      End MutexDBF 563
15.12.2018 18:17:26:      End MutexDBFDiff 565
15.12.2018 18:17:28:      Start MutexRefresh 290
15.12.2018 18:17:28:      End MutexRefresh 290
15.12.2018 18:17:28: == Close
15.12.2018 18:45:38: == Start
15.12.2018 18:45:38:      Start MutexDBF 563
15.12.2018 18:45:38:      Start MutexDBFDiff 565
15.12.2018 18:45:38:      End MutexDBF 563
15.12.2018 18:45:38:      End MutexDBFDiff 565
15.12.2018 18:45:41:      Start MutexRefresh 290
15.12.2018 18:45:41:      End MutexRefresh 290
15.12.2018 18:45:41: == Close
15.12.2018 18:53:31: == Start
15.12.2018 18:53:31:      Start MutexDBF 563
15.12.2018 18:53:31:      Start MutexDBFDiff 565
15.12.2018 18:53:31:      End MutexDBF 563
15.12.2018 18:53:31:      End MutexDBFDiff 565
15.12.2018 18:54:09:      Start MutexRefresh 290
15.12.2018 18:54:09:      End MutexRefresh 290
15.12.2018 18:54:09: == Close
15.12.2018 18:54:33: == Start
15.12.2018 18:54:33:      Start MutexDBF 563
15.12.2018 18:54:33:      Start MutexDBFDiff 565
15.12.2018 18:54:33:      End MutexDBF 563
15.12.2018 18:54:33:      End MutexDBFDiff 565
15.12.2018 18:54:37:      Start MutexRefresh 290
15.12.2018 18:54:37:      End MutexRefresh 290
15.12.2018 18:54:37: == Close
15.12.2018 18:57:16: == Start
15.12.2018 18:57:16:      Start MutexDBF 563
15.12.2018 18:57:16:      Start MutexDBFDiff 565
15.12.2018 18:57:16:      End MutexDBF 563
15.12.2018 18:57:16:      End MutexDBFDiff 565
15.12.2018 18:57:23:      Start MutexRefresh 290
15.12.2018 18:57:24:      End MutexRefresh 290
15.12.2018 18:57:24: == Close
15.12.2018 19:24:16: == Start
15.12.2018 19:24:16:      Start MutexDBF 563
15.12.2018 19:24:16:      Start MutexDBFDiff 565
15.12.2018 19:24:16:      End MutexDBF 563
15.12.2018 19:24:16:      End MutexDBFDiff 565
15.12.2018 19:26:18:      Start MutexRefresh 290
15.12.2018 19:26:18:      End MutexRefresh 290
15.12.2018 19:26:18: == Close
15.12.2018 19:26:41: == Start
15.12.2018 19:26:41:      Start MutexDBF 563
15.12.2018 19:26:41:      Start MutexDBFDiff 565
15.12.2018 19:26:41:      End MutexDBF 563
15.12.2018 19:26:41:      End MutexDBFDiff 565
15.12.2018 19:28:25:      Start MutexRefresh 290
15.12.2018 19:28:25:      End MutexRefresh 290
15.12.2018 19:28:25: == Close
15.12.2018 20:19:05: == Start
15.12.2018 20:19:05:      Start MutexDBF 563
15.12.2018 20:19:05:      Start MutexDBFDiff 565
15.12.2018 20:19:05:      End MutexDBF 563
15.12.2018 20:19:05:      End MutexDBFDiff 565
15.12.2018 20:19:44:      Start MutexRefresh 290
15.12.2018 20:19:44:      End MutexRefresh 290
15.12.2018 20:19:44: == Close
15.12.2018 20:29:29: == Start
15.12.2018 20:29:29:      Start MutexDBF 563
15.12.2018 20:29:29:      Start MutexDBFDiff 565
15.12.2018 20:29:29:      End MutexDBF 563
15.12.2018 20:29:29:      End MutexDBFDiff 565
15.12.2018 20:30:36:      Start MutexRefresh 290
15.12.2018 20:30:36:      End MutexRefresh 290
15.12.2018 20:30:36: == Close
15.12.2018 20:32:12: == Start
15.12.2018 20:32:12:      Start MutexDBF 563
15.12.2018 20:32:12:      Start MutexDBFDiff 565
15.12.2018 20:32:12:      End MutexDBF 563
15.12.2018 20:32:12:      End MutexDBFDiff 565
15.12.2018 20:33:40:      Start MutexRefresh 290
15.12.2018 20:33:41:      End MutexRefresh 290
15.12.2018 20:33:41: == Close
15.12.2018 20:37:37: == Start
15.12.2018 20:37:37:      Start MutexDBF 563
15.12.2018 20:37:37:      Start MutexDBFDiff 565
15.12.2018 20:37:37:      End MutexDBF 563
15.12.2018 20:37:37:      End MutexDBFDiff 565
15.12.2018 20:40:42:      Start MutexRefresh 290
15.12.2018 20:40:42:      End MutexRefresh 290
15.12.2018 20:40:42: == Close
15.12.2018 20:40:51: == Start
15.12.2018 20:40:51:      Start MutexDBF 563
15.12.2018 20:40:51:      Start MutexDBFDiff 565
15.12.2018 20:40:51:      End MutexDBF 563
15.12.2018 20:40:51:      End MutexDBFDiff 565
15.12.2018 20:44:44:      Start MutexRefresh 290
15.12.2018 20:44:44:      End MutexRefresh 290
15.12.2018 20:44:44: == Close
15.12.2018 20:45:34: == Start
15.12.2018 20:45:34:      Start MutexDBF 563
15.12.2018 20:45:34:      Start MutexDBFDiff 565
15.12.2018 20:45:34:      End MutexDBF 563
15.12.2018 20:45:34:      End MutexDBFDiff 565
15.12.2018 20:46:10:      Start MutexRefresh 290
15.12.2018 20:46:10:      End MutexRefresh 290
15.12.2018 20:46:10: == Close
15.12.2018 20:48:26: == Start
15.12.2018 20:48:26:      Start MutexDBF 563
15.12.2018 20:48:26:      Start MutexDBFDiff 565
15.12.2018 20:48:26:      End MutexDBF 563
15.12.2018 20:48:26:      End MutexDBFDiff 565
15.12.2018 20:49:07:      Start MutexRefresh 290
15.12.2018 20:49:07:      End MutexRefresh 290
15.12.2018 20:49:07: == Close
15.12.2018 20:52:27: == Start
15.12.2018 20:52:27:      Start MutexDBF 563
15.12.2018 20:52:27:      Start MutexDBFDiff 565
15.12.2018 20:52:27:      End MutexDBF 563
15.12.2018 20:52:27:      End MutexDBFDiff 565
15.12.2018 20:52:42:      Start MutexRefresh 290
15.12.2018 20:52:42:      End MutexRefresh 290
15.12.2018 20:52:42: == Close
15.12.2018 22:32:44: == Start
15.12.2018 22:32:44:      Start MutexDBF 563
15.12.2018 22:32:44:      Start MutexDBFDiff 565
15.12.2018 22:32:44:      End MutexDBF 563
15.12.2018 22:32:44:      End MutexDBFDiff 565
15.12.2018 22:32:59:      Start MutexRefresh 290
15.12.2018 22:32:59:      End MutexRefresh 290
15.12.2018 22:32:59: == Close
15.12.2018 22:33:39: == Start
15.12.2018 22:33:39:      Start MutexDBF 563
15.12.2018 22:33:39:      Start MutexDBFDiff 565
15.12.2018 22:33:39:      End MutexDBF 563
15.12.2018 22:33:39:      End MutexDBFDiff 565
15.12.2018 22:33:55:      Start MutexRefresh 290
15.12.2018 22:33:55:      End MutexRefresh 290
15.12.2018 22:33:55: == Close
15.12.2018 22:34:56: == Start
15.12.2018 22:34:56:      Start MutexDBF 563
15.12.2018 22:34:56:      Start MutexDBFDiff 565
15.12.2018 22:34:56:      End MutexDBF 563
15.12.2018 22:34:56:      End MutexDBFDiff 565
15.12.2018 22:37:12:      Start MutexRefresh 290
15.12.2018 22:37:13:      End MutexRefresh 290
15.12.2018 22:37:13: == Close
15.12.2018 22:46:17: == Start
15.12.2018 22:46:18:      Start MutexDBF 563
15.12.2018 22:46:18:      Start MutexDBFDiff 565
15.12.2018 22:46:18:      End MutexDBF 563
15.12.2018 22:46:18:      End MutexDBFDiff 565
15.12.2018 22:47:31:      Start MutexRefresh 290
15.12.2018 22:47:31:      End MutexRefresh 290
15.12.2018 22:47:31: == Close
15.12.2018 22:51:59: == Start
15.12.2018 22:51:59:      Start MutexDBF 563
15.12.2018 22:51:59:      Start MutexDBFDiff 565
15.12.2018 22:51:59:      End MutexDBF 563
15.12.2018 22:51:59:      End MutexDBFDiff 565
15.12.2018 22:52:20:      Start MutexRefresh 290
15.12.2018 22:52:20:      End MutexRefresh 290
15.12.2018 22:52:20: == Close
15.12.2018 23:50:08: == Start
15.12.2018 23:50:08:      Start MutexDBF 563
15.12.2018 23:50:08:      Start MutexDBFDiff 565
15.12.2018 23:50:08:      End MutexDBF 563
15.12.2018 23:50:08:      End MutexDBFDiff 565
16.12.2018 0:04:15:      Start MutexRefresh 290
16.12.2018 0:04:16:      End MutexRefresh 290
16.12.2018 0:04:16: == Close
16.12.2018 0:04:25: == Start
16.12.2018 0:04:25:      Start MutexDBF 563
16.12.2018 0:04:25:      Start MutexDBFDiff 565
16.12.2018 0:04:25:      End MutexDBF 563
16.12.2018 0:04:25:      End MutexDBFDiff 565
16.12.2018 0:04:44:      Start MutexRefresh 290
16.12.2018 0:04:44:      End MutexRefresh 290
16.12.2018 0:04:44: == Close
16.12.2018 0:16:26: == Start
16.12.2018 0:16:26:      Start MutexDBF 563
16.12.2018 0:16:26:      Start MutexDBFDiff 565
16.12.2018 0:16:26:      End MutexDBF 563
16.12.2018 0:16:26:      End MutexDBFDiff 565
16.12.2018 0:25:54:      Start MutexRefresh 290
16.12.2018 0:25:54:      End MutexRefresh 290
16.12.2018 0:25:54: == Close
16.12.2018 0:30:09: == Start
16.12.2018 0:30:09:      Start MutexDBF 563
16.12.2018 0:30:09:      Start MutexDBFDiff 565
16.12.2018 0:30:09:      End MutexDBF 563
16.12.2018 0:30:09:      End MutexDBFDiff 565
16.12.2018 0:30:10:      Start MutexRefresh 290
16.12.2018 0:30:11:      End MutexRefresh 290
16.12.2018 0:30:11: == Close
16.12.2018 0:37:51: == Start
16.12.2018 0:37:51:      Start MutexDBF 563
16.12.2018 0:37:51:      Start MutexDBFDiff 565
16.12.2018 0:37:51:      End MutexDBF 563
16.12.2018 0:37:51:      End MutexDBFDiff 565
16.12.2018 0:39:30:      Start MutexRefresh 290
16.12.2018 0:39:30:      End MutexRefresh 290
16.12.2018 0:39:30: == Close
16.12.2018 0:42:45: == Start
16.12.2018 0:42:45:      Start MutexDBF 563
16.12.2018 0:42:45:      Start MutexDBFDiff 565
16.12.2018 0:42:45:      End MutexDBF 563
16.12.2018 0:42:45:      End MutexDBFDiff 565
16.12.2018 0:45:58:      Start MutexRefresh 290
16.12.2018 0:45:58:      End MutexRefresh 290
16.12.2018 0:45:58: == Close
16.12.2018 0:48:22: == Start
16.12.2018 0:48:22:      Start MutexDBF 563
16.12.2018 0:48:22:      Start MutexDBFDiff 565
16.12.2018 0:48:22:      End MutexDBF 563
16.12.2018 0:48:22:      End MutexDBFDiff 565
16.12.2018 0:48:43:      Start MutexRefresh 290
16.12.2018 0:48:43:      End MutexRefresh 290
16.12.2018 0:48:43: == Close
16.12.2018 0:49:15: == Start
16.12.2018 0:49:15:      Start MutexDBF 563
16.12.2018 0:49:15:      Start MutexDBFDiff 565
16.12.2018 0:49:15:      End MutexDBF 563
16.12.2018 0:49:15:      End MutexDBFDiff 565
16.12.2018 0:52:27:      Start MutexRefresh 290
16.12.2018 0:52:27:      End MutexRefresh 290
16.12.2018 0:52:27: == Close
16.12.2018 0:52:35: == Start
16.12.2018 0:52:35:      Start MutexDBF 563
16.12.2018 0:52:35:      Start MutexDBFDiff 565
16.12.2018 0:52:35:      End MutexDBF 563
16.12.2018 0:52:35:      End MutexDBFDiff 565
16.12.2018 0:53:13:      Start MutexRefresh 290
16.12.2018 0:53:13:      End MutexRefresh 290
16.12.2018 0:53:13: == Close
16.12.2018 0:57:04: == Start
16.12.2018 0:57:04:      Start MutexDBF 563
16.12.2018 0:57:04:      Start MutexDBFDiff 565
16.12.2018 0:57:04:      End MutexDBF 563
16.12.2018 0:57:04:      End MutexDBFDiff 565
16.12.2018 0:57:20:      Start MutexRefresh 290
16.12.2018 0:57:20:      End MutexRefresh 290
16.12.2018 0:57:20: == Close
16.12.2018 17:24:50: == Start
16.12.2018 17:24:50:      Start MutexDBF 563
16.12.2018 17:24:50:      Start MutexDBFDiff 565
16.12.2018 17:24:50:      End MutexDBF 563
16.12.2018 17:24:50:      End MutexDBFDiff 565
16.12.2018 17:26:22:      Start MutexRefresh 290
16.12.2018 17:26:22:      End MutexRefresh 290
16.12.2018 17:26:22: == Close
16.12.2018 17:50:20: == Start
16.12.2018 17:50:20:      Start MutexDBF 563
16.12.2018 17:50:20:      Start MutexDBFDiff 565
16.12.2018 17:50:20:      End MutexDBF 563
16.12.2018 17:50:20:      End MutexDBFDiff 565
16.12.2018 17:50:22:      Start MutexRefresh 290
16.12.2018 17:50:22:      End MutexRefresh 290
16.12.2018 17:50:22: == Close
16.12.2018 17:50:49: == Start
16.12.2018 17:50:49:      Start MutexDBF 563
16.12.2018 17:50:49:      Start MutexDBFDiff 565
16.12.2018 17:50:49:      End MutexDBF 563
16.12.2018 17:50:49:      End MutexDBFDiff 565
16.12.2018 17:50:53:      Start MutexRefresh 290
16.12.2018 17:50:53:      End MutexRefresh 290
16.12.2018 17:50:53: == Close
16.12.2018 17:51:28: == Start
16.12.2018 17:51:28:      Start MutexDBF 563
16.12.2018 17:51:28:      Start MutexDBFDiff 565
16.12.2018 17:51:28:      End MutexDBF 563
16.12.2018 17:51:28:      End MutexDBFDiff 565
16.12.2018 17:52:29:      Start MutexRefresh 290
16.12.2018 17:52:29:      End MutexRefresh 290
16.12.2018 17:52:29: == Close
16.12.2018 18:38:11: == Start
16.12.2018 18:38:11:      Start MutexDBF 563
16.12.2018 18:38:11:      Start MutexDBFDiff 565
16.12.2018 18:38:11:      End MutexDBF 563
16.12.2018 18:38:11:      End MutexDBFDiff 565
16.12.2018 18:38:17:      Start MutexRefresh 290
16.12.2018 18:38:17:      End MutexRefresh 290
16.12.2018 18:38:17: == Close
16.12.2018 18:48:08: == Start
16.12.2018 18:48:08:      Start MutexDBF 563
16.12.2018 18:48:08:      Start MutexDBFDiff 565
16.12.2018 18:48:08:      End MutexDBF 563
16.12.2018 18:48:08:      End MutexDBFDiff 565
16.12.2018 18:48:15:      Start MutexRefresh 290
16.12.2018 18:48:15:      End MutexRefresh 290
16.12.2018 18:48:15: == Close
16.12.2018 18:48:49: == Start
16.12.2018 18:48:49:      Start MutexDBF 563
16.12.2018 18:48:49:      Start MutexDBFDiff 565
16.12.2018 18:48:49:      End MutexDBF 563
16.12.2018 18:48:49:      End MutexDBFDiff 565
16.12.2018 18:48:55:      Start MutexRefresh 290
16.12.2018 18:48:55:      End MutexRefresh 290
16.12.2018 18:48:55: == Close
16.12.2018 18:49:41: == Start
16.12.2018 18:49:41:      Start MutexDBF 563
16.12.2018 18:49:41:      Start MutexDBFDiff 565
16.12.2018 18:49:41:      End MutexDBF 563
16.12.2018 18:49:41:      End MutexDBFDiff 565
16.12.2018 18:49:51:      Start MutexRefresh 290
16.12.2018 18:49:52:      End MutexRefresh 290
16.12.2018 18:49:52: == Close
16.12.2018 18:54:09: == Start
16.12.2018 18:54:09:      Start MutexDBF 563
16.12.2018 18:54:09:      Start MutexDBFDiff 565
16.12.2018 18:54:09:      End MutexDBF 563
16.12.2018 18:54:09:      End MutexDBFDiff 565
16.12.2018 18:54:41:      Start MutexRefresh 290
16.12.2018 18:54:41:      End MutexRefresh 290
16.12.2018 18:54:41: == Close
16.12.2018 18:55:02: == Start
16.12.2018 18:55:02:      Start MutexDBF 563
16.12.2018 18:55:02:      Start MutexDBFDiff 565
16.12.2018 18:55:02:      End MutexDBF 563
16.12.2018 18:55:02:      End MutexDBFDiff 565
16.12.2018 18:55:15:      Start MutexRefresh 290
16.12.2018 18:55:15:      End MutexRefresh 290
16.12.2018 18:55:15: == Close
16.12.2018 19:41:13: == Start
16.12.2018 19:41:13:      Start MutexDBF 563
16.12.2018 19:41:13:      Start MutexDBFDiff 565
16.12.2018 19:41:13:      End MutexDBF 563
16.12.2018 19:41:13:      End MutexDBFDiff 565
16.12.2018 19:42:05:      Start MutexRefresh 290
16.12.2018 19:42:06:      End MutexRefresh 290
16.12.2018 19:42:06: == Close
16.12.2018 19:45:48: == Start
16.12.2018 19:45:48:      Start MutexDBF 563
16.12.2018 19:45:48:      Start MutexDBFDiff 565
16.12.2018 19:45:48:      End MutexDBF 563
16.12.2018 19:45:48:      End MutexDBFDiff 565
16.12.2018 19:46:08:      Start MutexRefresh 290
16.12.2018 19:46:09:      End MutexRefresh 290
16.12.2018 19:46:09: == Close
16.12.2018 19:46:51: == Start
16.12.2018 19:46:51:      Start MutexDBF 563
16.12.2018 19:46:51:      Start MutexDBFDiff 565
16.12.2018 19:46:51:      End MutexDBF 563
16.12.2018 19:46:51:      End MutexDBFDiff 565
16.12.2018 19:48:09:      Start MutexRefresh 290
16.12.2018 19:48:09:      End MutexRefresh 290
16.12.2018 19:48:09: == Close
16.12.2018 19:48:30: == Start
16.12.2018 19:48:30:      Start MutexDBF 563
16.12.2018 19:48:30:      Start MutexDBFDiff 565
16.12.2018 19:48:30:      End MutexDBF 563
16.12.2018 19:48:30:      End MutexDBFDiff 565
16.12.2018 19:48:48:      Start MutexRefresh 290
16.12.2018 19:48:49:      End MutexRefresh 290
16.12.2018 19:48:49: == Close
16.12.2018 19:52:59: == Start
16.12.2018 19:52:59:      Start MutexDBF 563
16.12.2018 19:52:59:      Start MutexDBFDiff 565
16.12.2018 19:52:59:      End MutexDBF 563
16.12.2018 19:52:59:      End MutexDBFDiff 565
16.12.2018 19:54:21:      Start MutexRefresh 290
16.12.2018 19:54:22:      End MutexRefresh 290
16.12.2018 19:54:22: == Close
16.12.2018 19:56:40: == Start
16.12.2018 19:56:40:      Start MutexDBF 563
16.12.2018 19:56:40:      Start MutexDBFDiff 565
16.12.2018 19:56:40:      End MutexDBF 563
16.12.2018 19:56:40:      End MutexDBFDiff 565
16.12.2018 19:59:05:      Start MutexRefresh 290
16.12.2018 19:59:06:      End MutexRefresh 290
16.12.2018 19:59:06: == Close
16.12.2018 19:59:14: == Start
16.12.2018 19:59:14:      Start MutexDBF 563
16.12.2018 19:59:14:      Start MutexDBFDiff 565
16.12.2018 19:59:14:      End MutexDBF 563
16.12.2018 19:59:14:      End MutexDBFDiff 565
16.12.2018 20:00:17:      Start MutexRefresh 290
16.12.2018 20:00:18:      End MutexRefresh 290
16.12.2018 20:00:18: == Close
16.12.2018 20:00:28: == Start
16.12.2018 20:00:28:      Start MutexDBF 563
16.12.2018 20:00:28:      Start MutexDBFDiff 565
16.12.2018 20:00:28:      End MutexDBF 563
16.12.2018 20:00:28:      End MutexDBFDiff 565
16.12.2018 20:03:54:      Start MutexRefresh 290
16.12.2018 20:03:55:      End MutexRefresh 290
16.12.2018 20:03:55: == Close
16.12.2018 20:04:03: == Start
16.12.2018 20:04:03:      Start MutexDBF 563
16.12.2018 20:04:03:      Start MutexDBFDiff 565
16.12.2018 20:04:03:      End MutexDBF 563
16.12.2018 20:04:03:      End MutexDBFDiff 565
16.12.2018 20:04:19:      Start MutexRefresh 290
16.12.2018 20:04:20:      End MutexRefresh 290
16.12.2018 20:04:20: == Close
16.12.2018 20:04:51: == Start
16.12.2018 20:04:51:      Start MutexDBF 563
16.12.2018 20:04:51:      Start MutexDBFDiff 565
16.12.2018 20:04:51:      End MutexDBF 563
16.12.2018 20:04:51:      End MutexDBFDiff 565
16.12.2018 20:05:06:      Start MutexRefresh 290
16.12.2018 20:05:06:      End MutexRefresh 290
16.12.2018 20:05:06: == Close
16.12.2018 20:13:25: == Start
16.12.2018 20:13:25:      Start MutexDBF 563
16.12.2018 20:13:25:      Start MutexDBFDiff 565
16.12.2018 20:13:25:      End MutexDBF 563
16.12.2018 20:13:25:      End MutexDBFDiff 565
16.12.2018 20:15:19:      Start MutexRefresh 290
16.12.2018 20:15:20:      End MutexRefresh 290
16.12.2018 20:15:20: == Close
16.12.2018 20:15:45: == Start
16.12.2018 20:15:45:      Start MutexDBF 563
16.12.2018 20:15:45:      Start MutexDBFDiff 565
16.12.2018 20:15:45:      End MutexDBF 563
16.12.2018 20:15:45:      End MutexDBFDiff 565
16.12.2018 20:18:01:      Start MutexRefresh 290
16.12.2018 20:18:01:      End MutexRefresh 290
16.12.2018 20:18:01: == Close
16.12.2018 20:29:44: == Start
16.12.2018 20:29:44:      Start MutexDBF 563
16.12.2018 20:29:44:      Start MutexDBFDiff 565
16.12.2018 20:29:44:      End MutexDBF 563
16.12.2018 20:29:44:      End MutexDBFDiff 565
16.12.2018 20:29:46:      Start MutexRefresh 290
16.12.2018 20:29:46:      End MutexRefresh 290
16.12.2018 20:29:46: == Close
16.12.2018 20:39:40: == Start
16.12.2018 20:39:40:      Start MutexDBF 563
16.12.2018 20:39:40:      Start MutexDBFDiff 565
16.12.2018 20:39:40:      End MutexDBF 563
16.12.2018 20:39:40:      End MutexDBFDiff 565
16.12.2018 20:42:04:      Start MutexRefresh 290
16.12.2018 20:42:04:      End MutexRefresh 290
16.12.2018 20:42:04: == Close
16.12.2018 20:44:43: == Start
16.12.2018 20:44:43:      Start MutexDBF 563
16.12.2018 20:44:43:      Start MutexDBFDiff 565
16.12.2018 20:44:43:      End MutexDBF 563
16.12.2018 20:44:43:      End MutexDBFDiff 565
16.12.2018 20:46:03:      Start MutexRefresh 290
16.12.2018 20:46:03:      End MutexRefresh 290
16.12.2018 20:46:03: == Close
16.12.2018 20:46:11: == Start
16.12.2018 20:46:11:      Start MutexDBF 563
16.12.2018 20:46:11:      Start MutexDBFDiff 565
16.12.2018 20:46:11:      End MutexDBF 563
16.12.2018 20:46:11:      End MutexDBFDiff 565
16.12.2018 20:46:26:      Start MutexRefresh 290
16.12.2018 20:46:27:      End MutexRefresh 290
16.12.2018 20:46:27: == Close
16.12.2018 20:46:58: == Start
16.12.2018 20:46:58:      Start MutexDBF 563
16.12.2018 20:46:58:      Start MutexDBFDiff 565
16.12.2018 20:46:58:      End MutexDBF 563
16.12.2018 20:46:58:      End MutexDBFDiff 565
16.12.2018 20:47:13:      Start MutexRefresh 290
16.12.2018 20:47:13:      End MutexRefresh 290
16.12.2018 20:47:13: == Close
16.12.2018 20:56:38: == Start
16.12.2018 20:56:38:      Start MutexDBF 563
16.12.2018 20:56:38:      Start MutexDBFDiff 565
16.12.2018 20:56:38:      End MutexDBF 563
16.12.2018 20:56:38:      End MutexDBFDiff 565
16.12.2018 20:57:07:      Start MutexRefresh 290
16.12.2018 20:57:07:      End MutexRefresh 290
16.12.2018 20:57:07: == Close
16.12.2018 20:57:18: == Start
16.12.2018 20:57:18:      Start MutexDBF 563
16.12.2018 20:57:18:      Start MutexDBFDiff 565
16.12.2018 20:57:18:      End MutexDBF 563
16.12.2018 20:57:18:      End MutexDBFDiff 565
16.12.2018 20:57:41:      Start MutexRefresh 290
16.12.2018 20:57:41:      End MutexRefresh 290
16.12.2018 20:57:41: == Close
16.12.2018 21:01:15: == Start
16.12.2018 21:01:15:      Start MutexDBF 563
16.12.2018 21:01:15:      Start MutexDBFDiff 565
16.12.2018 21:01:15:      End MutexDBF 563
16.12.2018 21:01:15:      End MutexDBFDiff 565
16.12.2018 21:01:34:      Start MutexRefresh 290
16.12.2018 21:01:35:      End MutexRefresh 290
16.12.2018 21:01:35: == Close
16.12.2018 21:01:42: == Start
16.12.2018 21:01:42:      Start MutexDBF 563
16.12.2018 21:01:42:      Start MutexDBFDiff 565
16.12.2018 21:01:42:      End MutexDBF 563
16.12.2018 21:01:42:      End MutexDBFDiff 565
16.12.2018 21:02:52:      Start MutexRefresh 290
16.12.2018 21:02:52:      End MutexRefresh 290
16.12.2018 21:02:52: == Close
16.12.2018 21:20:09: == Start
16.12.2018 21:20:09:      Start MutexDBF 563
16.12.2018 21:20:09:      Start MutexDBFDiff 565
16.12.2018 21:20:09:      End MutexDBF 563
16.12.2018 21:20:09:      End MutexDBFDiff 565
16.12.2018 21:20:18:      Start MutexRefresh 290
16.12.2018 21:20:18:      End MutexRefresh 290
16.12.2018 21:20:18: == Close
16.12.2018 21:30:27: == Start
16.12.2018 21:30:27:      Start MutexDBF 563
16.12.2018 21:30:27:      Start MutexDBFDiff 565
16.12.2018 21:30:27:      End MutexDBF 563
16.12.2018 21:30:27:      End MutexDBFDiff 565
16.12.2018 21:31:12:      Start MutexRefresh 290
16.12.2018 21:31:12:      End MutexRefresh 290
16.12.2018 21:31:12: == Close
16.12.2018 21:31:21: == Start
16.12.2018 21:31:21:      Start MutexDBF 563
16.12.2018 21:31:21:      Start MutexDBFDiff 565
16.12.2018 21:31:21:      End MutexDBF 563
16.12.2018 21:31:21:      End MutexDBFDiff 565
16.12.2018 21:33:00:      Start MutexRefresh 290
16.12.2018 21:33:01:      End MutexRefresh 290
16.12.2018 21:33:01: == Close
16.12.2018 21:54:25: == Start
16.12.2018 21:54:25:      Start MutexDBF 563
16.12.2018 21:54:25:      Start MutexDBFDiff 565
16.12.2018 21:54:25:      End MutexDBF 563
16.12.2018 21:54:25:      End MutexDBFDiff 565
16.12.2018 21:54:39:      Start MutexRefresh 290
16.12.2018 21:54:39:      End MutexRefresh 290
16.12.2018 21:54:39: == Close
16.12.2018 21:55:32: == Start
16.12.2018 21:55:32:      Start MutexDBF 563
16.12.2018 21:55:32:      Start MutexDBFDiff 565
16.12.2018 21:55:32:      End MutexDBF 563
16.12.2018 21:55:32:      End MutexDBFDiff 565
16.12.2018 21:56:21:      Start MutexRefresh 290
16.12.2018 21:56:21:      End MutexRefresh 290
16.12.2018 21:56:21: == Close
16.12.2018 22:01:16: == Start
16.12.2018 22:01:16:      Start MutexDBF 563
16.12.2018 22:01:16:      Start MutexDBFDiff 565
16.12.2018 22:01:16:      End MutexDBF 563
16.12.2018 22:01:16:      End MutexDBFDiff 565
16.12.2018 22:01:30:      Start MutexRefresh 290
16.12.2018 22:01:30:      End MutexRefresh 290
16.12.2018 22:01:30: == Close
16.12.2018 22:03:25: == Start
16.12.2018 22:03:25:      Start MutexDBF 563
16.12.2018 22:03:25:      Start MutexDBFDiff 565
16.12.2018 22:03:25:      End MutexDBF 563
16.12.2018 22:03:25:      End MutexDBFDiff 565
16.12.2018 22:28:40:      Start MutexRefresh 290
16.12.2018 22:28:40:      End MutexRefresh 290
16.12.2018 22:28:40: == Close
16.12.2018 22:30:36: == Start
16.12.2018 22:30:36:      Start MutexDBF 563
16.12.2018 22:30:36:      Start MutexDBFDiff 565
16.12.2018 22:30:36:      End MutexDBF 563
16.12.2018 22:30:36:      End MutexDBFDiff 565
16.12.2018 22:30:51:      Start MutexRefresh 290
16.12.2018 22:30:51:      End MutexRefresh 290
16.12.2018 22:30:51: == Close
16.12.2018 22:42:31: == Start
16.12.2018 22:42:31:      Start MutexDBF 563
16.12.2018 22:42:31:      Start MutexDBFDiff 565
16.12.2018 22:42:31:      End MutexDBF 563
16.12.2018 22:42:31:      End MutexDBFDiff 565
16.12.2018 22:43:44:      Start MutexRefresh 290
16.12.2018 22:43:44:      End MutexRefresh 290
16.12.2018 22:43:44: == Close
16.12.2018 22:44:21: == Start
16.12.2018 22:44:21:      Start MutexDBF 563
16.12.2018 22:44:21:      Start MutexDBFDiff 565
16.12.2018 22:44:21:      End MutexDBF 563
16.12.2018 22:44:21:      End MutexDBFDiff 565
16.12.2018 22:45:34:      Start MutexRefresh 290
16.12.2018 22:45:34:      End MutexRefresh 290
16.12.2018 22:45:34: == Close
16.12.2018 22:47:25: == Start
16.12.2018 22:47:25:      Start MutexDBF 563
16.12.2018 22:47:25:      Start MutexDBFDiff 565
16.12.2018 22:47:25:      End MutexDBF 563
16.12.2018 22:47:25:      End MutexDBFDiff 565
16.12.2018 22:48:47: == Start
16.12.2018 22:48:47:      Start MutexDBF 563
16.12.2018 22:48:47:      Start MutexDBFDiff 565
16.12.2018 22:48:47:      End MutexDBF 563
16.12.2018 22:48:47:      End MutexDBFDiff 565
16.12.2018 22:49:13:      Start MutexRefresh 290
16.12.2018 22:49:13:      End MutexRefresh 290
16.12.2018 22:49:13: == Close
16.12.2018 22:49:26: == Start
16.12.2018 22:49:26:      Start MutexDBF 563
16.12.2018 22:49:26:      Start MutexDBFDiff 565
16.12.2018 22:49:26:      End MutexDBF 563
16.12.2018 22:49:26:      End MutexDBFDiff 565
16.12.2018 22:54:10:      Start MutexRefresh 290
16.12.2018 22:54:10:      End MutexRefresh 290
16.12.2018 22:54:10: == Close
16.12.2018 22:56:04: == Start
16.12.2018 22:56:04:      Start MutexDBF 563
16.12.2018 22:56:04:      Start MutexDBFDiff 565
16.12.2018 22:56:04:      End MutexDBF 563
16.12.2018 22:56:04:      End MutexDBFDiff 565
16.12.2018 22:56:17:      Start MutexRefresh 290
16.12.2018 22:56:17:      End MutexRefresh 290
16.12.2018 22:56:17: == Close
16.12.2018 22:56:28: == Start
16.12.2018 22:56:28:      Start MutexDBF 563
16.12.2018 22:56:28:      Start MutexDBFDiff 565
16.12.2018 22:56:28:      End MutexDBF 563
16.12.2018 22:56:28:      End MutexDBFDiff 565
16.12.2018 22:57:35: == Start
16.12.2018 22:57:35:      Start MutexDBF 563
16.12.2018 22:57:35:      Start MutexDBFDiff 565
16.12.2018 22:57:35:      End MutexDBF 563
16.12.2018 22:57:35:      End MutexDBFDiff 565
16.12.2018 23:01:22: == Start
16.12.2018 23:01:22:      Start MutexDBF 563
16.12.2018 23:01:22:      Start MutexDBFDiff 565
16.12.2018 23:01:22:      End MutexDBF 563
16.12.2018 23:01:22:      End MutexDBFDiff 565
16.12.2018 23:01:43:      Start MutexRefresh 290
16.12.2018 23:01:43:      End MutexRefresh 290
16.12.2018 23:01:43: == Close
16.12.2018 23:02:07: == Start
16.12.2018 23:02:07:      Start MutexDBF 563
16.12.2018 23:02:07:      Start MutexDBFDiff 565
16.12.2018 23:02:07:      End MutexDBF 563
16.12.2018 23:02:07:      End MutexDBFDiff 565
16.12.2018 23:02:19:      Start MutexRefresh 290
16.12.2018 23:02:19:      End MutexRefresh 290
16.12.2018 23:02:19: == Close
16.12.2018 23:02:50: == Start
16.12.2018 23:02:50:      Start MutexDBF 563
16.12.2018 23:02:50:      Start MutexDBFDiff 565
16.12.2018 23:02:50:      End MutexDBF 563
16.12.2018 23:02:50:      End MutexDBFDiff 565
16.12.2018 23:03:07:      Start MutexRefresh 290
16.12.2018 23:03:07:      End MutexRefresh 290
16.12.2018 23:03:07: == Close
16.12.2018 23:03:19: == Start
16.12.2018 23:03:19:      Start MutexDBF 563
16.12.2018 23:03:19:      Start MutexDBFDiff 565
16.12.2018 23:03:19:      End MutexDBF 563
16.12.2018 23:03:19:      End MutexDBFDiff 565
16.12.2018 23:03:28:      Start MutexRefresh 290
16.12.2018 23:03:29:      End MutexRefresh 290
16.12.2018 23:03:29: == Close
16.12.2018 23:03:40: == Start
16.12.2018 23:03:40:      Start MutexDBF 563
16.12.2018 23:03:40:      Start MutexDBFDiff 565
16.12.2018 23:03:40:      End MutexDBF 563
16.12.2018 23:03:40:      End MutexDBFDiff 565
16.12.2018 23:05:03:      Start MutexRefresh 290
16.12.2018 23:05:03:      End MutexRefresh 290
16.12.2018 23:05:03: == Close
16.12.2018 23:05:29: == Start
16.12.2018 23:05:29:      Start MutexDBF 563
16.12.2018 23:05:29:      Start MutexDBFDiff 565
16.12.2018 23:05:29:      End MutexDBF 563
16.12.2018 23:05:29:      End MutexDBFDiff 565
16.12.2018 23:05:47:      Start MutexRefresh 290
16.12.2018 23:05:47:      End MutexRefresh 290
16.12.2018 23:05:47: == Close
16.12.2018 23:08:35: == Start
16.12.2018 23:08:35:      Start MutexDBF 563
16.12.2018 23:08:35:      Start MutexDBFDiff 565
16.12.2018 23:08:35:      End MutexDBF 563
16.12.2018 23:08:35:      End MutexDBFDiff 565
16.12.2018 23:08:42:      Start MutexRefresh 290
16.12.2018 23:08:43:      End MutexRefresh 290
16.12.2018 23:08:43: == Close
16.12.2018 23:17:26: == Start
16.12.2018 23:17:26:      Start MutexDBF 563
16.12.2018 23:17:26:      Start MutexDBFDiff 565
16.12.2018 23:17:26:      End MutexDBF 563
16.12.2018 23:17:26:      End MutexDBFDiff 565
16.12.2018 23:17:52:      Start MutexRefresh 290
16.12.2018 23:17:52:      End MutexRefresh 290
16.12.2018 23:17:52: == Close
16.12.2018 23:30:22: == Start
16.12.2018 23:30:22:      Start MutexDBF 563
16.12.2018 23:30:22:      Start MutexDBFDiff 565
16.12.2018 23:30:22:      End MutexDBF 563
16.12.2018 23:30:22:      End MutexDBFDiff 565
16.12.2018 23:30:29:      Start MutexRefresh 290
16.12.2018 23:30:29:      End MutexRefresh 290
16.12.2018 23:30:29: == Close
16.12.2018 23:39:28: == Start
16.12.2018 23:39:28:      Start MutexDBF 563
16.12.2018 23:39:28:      Start MutexDBFDiff 565
16.12.2018 23:39:28:      End MutexDBF 563
16.12.2018 23:39:28:      End MutexDBFDiff 565
16.12.2018 23:40:15: == Start
16.12.2018 23:40:15:      Start MutexDBF 563
16.12.2018 23:40:15:      Start MutexDBFDiff 565
16.12.2018 23:40:15:      End MutexDBF 563
16.12.2018 23:40:15:      End MutexDBFDiff 565
16.12.2018 23:41:36:      Start MutexRefresh 290
16.12.2018 23:41:36:      End MutexRefresh 290
16.12.2018 23:41:37: == Close
16.12.2018 23:45:11: == Start
16.12.2018 23:45:11:      Start MutexDBF 563
16.12.2018 23:45:11:      Start MutexDBFDiff 565
16.12.2018 23:45:11:      End MutexDBF 563
16.12.2018 23:45:11:      End MutexDBFDiff 565
16.12.2018 23:45:38:      Start MutexRefresh 290
16.12.2018 23:45:38:      End MutexRefresh 290
16.12.2018 23:45:38: == Close
16.12.2018 23:46:57: == Start
16.12.2018 23:46:57:      Start MutexDBF 563
16.12.2018 23:46:57:      Start MutexDBFDiff 565
16.12.2018 23:46:57:      End MutexDBF 563
16.12.2018 23:46:57:      End MutexDBFDiff 565
16.12.2018 23:47:43:      Start MutexRefresh 290
16.12.2018 23:47:43:      End MutexRefresh 290
16.12.2018 23:47:43: == Close
16.12.2018 23:50:55: == Start
16.12.2018 23:50:55:      Start MutexDBF 563
16.12.2018 23:50:55:      Start MutexDBFDiff 565
16.12.2018 23:50:55:      End MutexDBF 563
16.12.2018 23:50:55:      End MutexDBFDiff 565
16.12.2018 23:51:04:      Start MutexRefresh 290
16.12.2018 23:51:04:      End MutexRefresh 290
16.12.2018 23:51:04: == Close
17.12.2018 10:04:37: == Start
17.12.2018 10:04:37:      Start MutexDBF 563
17.12.2018 10:04:37:      Start MutexDBFDiff 565
17.12.2018 10:04:37:      End MutexDBF 563
17.12.2018 10:04:37:      End MutexDBFDiff 565
17.12.2018 10:05:31:      Start MutexRefresh 290
17.12.2018 10:05:31:      End MutexRefresh 290
17.12.2018 10:05:31: == Close
17.12.2018 10:18:26: == Start
17.12.2018 10:18:26:      Start MutexDBF 563
17.12.2018 10:18:26:      Start MutexDBFDiff 565
17.12.2018 10:18:26:      End MutexDBF 563
17.12.2018 10:18:26:      End MutexDBFDiff 565
17.12.2018 10:18:35:      Start MutexRefresh 290
17.12.2018 10:18:36:      End MutexRefresh 290
17.12.2018 10:18:36: == Close
17.12.2018 10:20:17: == Start
17.12.2018 10:20:17:      Start MutexDBF 563
17.12.2018 10:20:17:      Start MutexDBFDiff 565
17.12.2018 10:20:17:      End MutexDBF 563
17.12.2018 10:20:17:      End MutexDBFDiff 565
17.12.2018 10:22:37:      Start MutexRefresh 290
17.12.2018 10:22:37:      End MutexRefresh 290
17.12.2018 10:22:37: == Close
17.12.2018 10:23:06: == Start
17.12.2018 10:23:06:      Start MutexDBF 563
17.12.2018 10:23:06:      Start MutexDBFDiff 565
17.12.2018 10:23:06:      End MutexDBF 563
17.12.2018 10:23:06:      End MutexDBFDiff 565
17.12.2018 10:23:39:      Start MutexRefresh 290
17.12.2018 10:23:39:      End MutexRefresh 290
17.12.2018 10:23:39: == Close
17.12.2018 10:23:47: == Start
17.12.2018 10:23:47:      Start MutexDBF 563
17.12.2018 10:23:47:      Start MutexDBFDiff 565
17.12.2018 10:23:47:      End MutexDBF 563
17.12.2018 10:23:47:      End MutexDBFDiff 565
17.12.2018 10:24:15:      Start MutexRefresh 290
17.12.2018 10:24:16:      End MutexRefresh 290
17.12.2018 10:24:16: == Close
17.12.2018 10:26:32: == Start
17.12.2018 10:26:32:      Start MutexDBF 563
17.12.2018 10:26:32:      Start MutexDBFDiff 565
17.12.2018 10:26:32:      End MutexDBF 563
17.12.2018 10:26:32:      End MutexDBFDiff 565
17.12.2018 10:28:13:      Start MutexRefresh 290
17.12.2018 10:28:13:      End MutexRefresh 290
17.12.2018 10:28:13: == Close
17.12.2018 10:29:38: == Start
17.12.2018 10:29:38:      Start MutexDBF 563
17.12.2018 10:29:38:      Start MutexDBFDiff 565
17.12.2018 10:29:38:      End MutexDBF 563
17.12.2018 10:29:38:      End MutexDBFDiff 565
17.12.2018 10:30:00:      Start MutexRefresh 290
17.12.2018 10:30:00:      End MutexRefresh 290
17.12.2018 10:30:00: == Close
17.12.2018 10:30:23: == Start
17.12.2018 10:30:23:      Start MutexDBF 563
17.12.2018 10:30:23:      Start MutexDBFDiff 565
17.12.2018 10:30:23:      End MutexDBF 563
17.12.2018 10:30:23:      End MutexDBFDiff 565
17.12.2018 10:31:15:      Start MutexRefresh 290
17.12.2018 10:31:15:      End MutexRefresh 290
17.12.2018 10:31:15: == Close
17.12.2018 10:32:06: == Start
17.12.2018 10:32:06:      Start MutexDBF 563
17.12.2018 10:32:06:      Start MutexDBFDiff 565
17.12.2018 10:32:06:      End MutexDBF 563
17.12.2018 10:32:06:      End MutexDBFDiff 565
17.12.2018 10:32:41:      Start MutexRefresh 290
17.12.2018 10:32:41:      End MutexRefresh 290
17.12.2018 10:32:41: == Close
17.12.2018 10:35:37: == Start
17.12.2018 10:35:37:      Start MutexDBF 563
17.12.2018 10:35:37:      Start MutexDBFDiff 565
17.12.2018 10:35:37:      End MutexDBF 563
17.12.2018 10:35:37:      End MutexDBFDiff 565
17.12.2018 10:36:27:      Start MutexRefresh 290
17.12.2018 10:36:27:      End MutexRefresh 290
17.12.2018 10:36:27: == Close
17.12.2018 10:40:11: == Start
17.12.2018 10:40:11:      Start MutexDBF 563
17.12.2018 10:40:11:      Start MutexDBFDiff 565
17.12.2018 10:40:11:      End MutexDBF 563
17.12.2018 10:40:11:      End MutexDBFDiff 565
17.12.2018 10:40:35:      Start MutexRefresh 290
17.12.2018 10:40:36:      End MutexRefresh 290
17.12.2018 10:40:36: == Close
17.12.2018 10:42:02: == Start
17.12.2018 10:42:02:      Start MutexDBF 563
17.12.2018 10:42:02:      Start MutexDBFDiff 565
17.12.2018 10:42:02:      End MutexDBF 563
17.12.2018 10:42:02:      End MutexDBFDiff 565
17.12.2018 10:42:12:      Start MutexRefresh 290
17.12.2018 10:42:12:      End MutexRefresh 290
17.12.2018 10:42:12: == Close
